<?xml version="1.0" encoding="UTF-8"?>
<!-- Generated by org.testng.reporters.JUnitXMLReporter -->
<testsuite hostname="shanth-Lenovo-ideapad-330-15IKB" ignored="0" name="Test" tests="4" failures="0" timestamp="2022-11-03T15:12:54 IST" time="0.091" errors="0">
  <testcase name="tc4" time="0.013" classname="scripts.Test4"/>
  <testcase name="tc3" time="0.002" classname="scripts.Test2"/>
  <testcase name="tc2" time="0.002" classname="scripts.Test1"/>
  <testcase name="tc1" time="0.002" classname="scripts.Test0"/>
</testsuite> <!-- Test -->
