<?xml version="1.0" encoding="UTF-8"?>
<testng-results ignored="0" total="3" passed="3" failed="0" skipped="0">
  <reporter-output>
    <line>
      <![CDATA[hello java]]>
    </line>
    <line>
      <![CDATA[hello appium]]>
    </line>
    <line>
      <![CDATA[hello java]]>
    </line>
  </reporter-output>
  <suite started-at="2022-10-31T16:01:33 IST" name="Suite" finished-at="2022-10-31T16:01:33 IST" duration-ms="49">
    <groups>
    </groups>
    <test started-at="2022-10-31T16:01:33 IST" name="Test" finished-at="2022-10-31T16:01:33 IST" duration-ms="49">
      <class name="scripts.Test1">
        <test-method signature="tc2()[pri:0, instance:scripts.Test1@b62d79]" started-at="2022-10-31T16:01:33 IST" name="tc2" finished-at="2022-10-31T16:01:33 IST" duration-ms="1" status="PASS">
          <reporter-output>
            <line>
              <![CDATA[hello appium]]>
            </line>
          </reporter-output>
        </test-method> <!-- tc2 -->
      </class> <!-- scripts.Test1 -->
      <class name="scripts.Test0">
        <test-method signature="tc1()[pri:0, instance:scripts.Test0@6631f5ca]" started-at="2022-10-31T16:01:33 IST" name="tc1" finished-at="2022-10-31T16:01:33 IST" duration-ms="1" status="PASS">
          <reporter-output>
            <line>
              <![CDATA[hello java]]>
            </line>
          </reporter-output>
        </test-method> <!-- tc1 -->
      </class> <!-- scripts.Test0 -->
      <class name="scripts.Test2">
        <test-method signature="tc3()[pri:0, instance:scripts.Test2@2cd2a21f]" started-at="2022-10-31T16:01:33 IST" name="tc3" finished-at="2022-10-31T16:01:33 IST" duration-ms="9" status="PASS">
          <reporter-output>
            <line>
              <![CDATA[hello java]]>
            </line>
          </reporter-output>
        </test-method> <!-- tc3 -->
      </class> <!-- scripts.Test2 -->
    </test> <!-- Test -->
  </suite> <!-- Suite -->
</testng-results>
