<?xml version="1.0" encoding="UTF-8"?>
<testng-results skipped="0" failed="0" ignored="0" total="4" passed="4">
  <reporter-output>
    <line>
      <![CDATA[helo all]]>
    </line>
    <line>
      <![CDATA[hello selnium]]>
    </line>
    <line>
      <![CDATA[hello appium]]>
    </line>
    <line>
      <![CDATA[hello java]]>
    </line>
  </reporter-output>
  <suite name="Suite" duration-ms="91" started-at="2022-11-03T15:12:54 IST" finished-at="2022-11-03T15:12:54 IST">
    <groups>
    </groups>
    <test name="Test" duration-ms="91" started-at="2022-11-03T15:12:54 IST" finished-at="2022-11-03T15:12:54 IST">
      <class name="scripts.Test1">
        <test-method status="PASS" signature="tc2()[pri:0, instance:scripts.Test1@1d8d30f7]" name="tc2" duration-ms="2" started-at="2022-11-03T15:12:54 IST" finished-at="2022-11-03T15:12:54 IST">
          <reporter-output>
            <line>
              <![CDATA[hello appium]]>
            </line>
          </reporter-output>
        </test-method> <!-- tc2 -->
      </class> <!-- scripts.Test1 -->
      <class name="scripts.Test0">
        <test-method status="PASS" signature="tc1()[pri:0, instance:scripts.Test0@3e57cd70]" name="tc1" duration-ms="2" started-at="2022-11-03T15:12:54 IST" finished-at="2022-11-03T15:12:54 IST">
          <reporter-output>
            <line>
              <![CDATA[hello java]]>
            </line>
          </reporter-output>
        </test-method> <!-- tc1 -->
      </class> <!-- scripts.Test0 -->
      <class name="scripts.Test2">
        <test-method status="PASS" signature="tc3()[pri:0, instance:scripts.Test2@32d2fa64]" name="tc3" duration-ms="2" started-at="2022-11-03T15:12:54 IST" finished-at="2022-11-03T15:12:54 IST">
          <reporter-output>
            <line>
              <![CDATA[hello selnium]]>
            </line>
          </reporter-output>
        </test-method> <!-- tc3 -->
      </class> <!-- scripts.Test2 -->
      <class name="scripts.Test4">
        <test-method status="PASS" signature="tc4()[pri:0, instance:scripts.Test4@51e2adc7]" name="tc4" duration-ms="13" started-at="2022-11-03T15:12:54 IST" finished-at="2022-11-03T15:12:54 IST">
          <reporter-output>
            <line>
              <![CDATA[helo all]]>
            </line>
          </reporter-output>
        </test-method> <!-- tc4 -->
      </class> <!-- scripts.Test4 -->
    </test> <!-- Test -->
  </suite> <!-- Suite -->
</testng-results>
